Command line:
   nume_isim_beh.exe
     -simmode  gui
     -simrunnum  0
     -socket  49717

Mon Dec 26 22:15:04 2022


 Elaboration Time: 0.046875 sec

 Current Memory Usage: 5154.98 Meg

 Total Signals          : 41
 Total Nets             : 4289
 Total Signal Drivers   : 24
 Total Blocks           : 8
 Total Primitive Blocks : 4
 Total Processes        : 34
 Total Traceable Variables  : 80
 Total Scalar Nets and Variables : 111638
Total Line Count : 493
Total Line Count : 493
Total Line Count : 493
Total Line Count : 493

 Total Simulation Time: 3.15625 sec

 Current Memory Usage: 4683.12 Meg

Mon Dec 26 22:23:50 2022

